info it worked if it ends with ok
verbose cli [ 'node', '/usr/bin/npm', 'install', 'node-oauth2' ]
info using npm@1.0.106
info using node@v0.6.8
verbose /usr/bin/node node symlink
verbose config file /home/jason/.npmrc
verbose config file /usr/etc/npmrc
verbose config file /usr/lib/node_modules/npm/npmrc
silly testEngine { name: 'oauth',
silly testEngine   description: 'Library for interacting with OAuth 1.0, 1.0A, 2 and Echo.  Provides simplified client access and allows for construction of more complex apis and OAuth providers.',
silly testEngine   version: '0.9.5',
silly testEngine   directories: { lib: './lib' },
silly testEngine   main: 'index.js',
silly testEngine   author: { name: 'Ciaran Jessup', email: 'ciaranj@gmail.com' },
silly testEngine   repository: { type: 'git', url: 'git://github.com/ciaranj/node-oauth.git' },
silly testEngine   devDependencies: { vows: '0.5.x' },
silly testEngine   _id: 'oauth@0.9.5',
silly testEngine   dependencies: {},
silly testEngine   engines: { node: '*' },
silly testEngine   _engineSupported: true,
silly testEngine   _npmVersion: '1.0.106',
silly testEngine   _nodeVersion: 'v0.6.8',
silly testEngine   _defaultsLoaded: true }
verbose caching /home/jason/node_modules/oauth/package.json
verbose loadDefaults oauth@0.9.5
silly testEngine { name: 'mysql',
silly testEngine   version: '0.9.5',
silly testEngine   author: 
silly testEngine    { name: 'Felix Geisendörfer',
silly testEngine      email: 'felix@debuggable.com',
silly testEngine      url: 'http://debuggable.com/' },
silly testEngine   description: 'A pure node.js JavaScript Client implementing the MySQL protocol.',
silly testEngine   homepage: 'https://github.com/felixge/node-mysql',
silly testEngine   repository: { type: 'git', url: 'git://github.com/felixge/node-mysql.git' },
silly testEngine   main: './index',
silly testEngine   scripts: { test: 'make test' },
silly testEngine   dependencies: { hashish: '0.0.4' },
silly testEngine   devDependencies: { gently: '0.8.0', urun: '0.0.4', utest: '0.0.3' },
silly testEngine   engines: { node: '*' },
silly testEngine   _id: 'mysql@0.9.5',
silly testEngine   _engineSupported: true,
silly testEngine   _npmVersion: '1.0.106',
silly testEngine   _nodeVersion: 'v0.6.8',
silly testEngine   _defaultsLoaded: true }
verbose caching /home/jason/node_modules/mysql/package.json
verbose loadDefaults mysql@0.9.5
silly testEngine { name: 'ejs',
silly testEngine   description: 'Embedded JavaScript templates',
silly testEngine   version: '0.6.1',
silly testEngine   author: { name: 'TJ Holowaychuk', email: 'tj@vision-media.ca' },
silly testEngine   keywords: [ 'template', 'engine', 'ejs' ],
silly testEngine   devDependencies: { mocha: '*' },
silly testEngine   main: './lib/ejs.js',
silly testEngine   _id: 'ejs@0.6.1',
silly testEngine   dependencies: {},
silly testEngine   engines: { node: '*' },
silly testEngine   _engineSupported: true,
silly testEngine   _npmVersion: '1.0.106',
silly testEngine   _nodeVersion: 'v0.6.8',
silly testEngine   _defaultsLoaded: true }
verbose caching /home/jason/node_modules/ejs/package.json
verbose loadDefaults ejs@0.6.1
silly testEngine { name: 'express',
silly testEngine   description: 'Sinatra inspired web development framework',
silly testEngine   version: '2.5.5',
silly testEngine   author: { name: 'TJ Holowaychuk', email: 'tj@vision-media.ca' },
silly testEngine   contributors: 
silly testEngine    [ { name: 'TJ Holowaychuk', email: 'tj@vision-media.ca' },
silly testEngine      { name: 'Aaron Heckmann',
silly testEngine        email: 'aaron.heckmann+github@gmail.com' },
silly testEngine      { name: 'Ciaran Jessup', email: 'ciaranj@gmail.com' },
silly testEngine      { name: 'Guillermo Rauch', email: 'rauchg@gmail.com' } ],
silly testEngine   dependencies: 
silly testEngine    { connect: '1.x',
silly testEngine      mime: '>= 0.0.1',
silly testEngine      qs: '>= 0.3.1',
silly testEngine      mkdirp: '0.0.7' },
silly testEngine   devDependencies: 
silly testEngine    { 'connect-form': '0.2.1',
silly testEngine      ejs: '0.4.2',
silly testEngine      expresso: '0.9.2',
silly testEngine      hamljs: '0.5.1',
silly testEngine      jade: '0.16.2',
silly testEngine      stylus: '0.13.0',
silly testEngine      should: '0.3.2',
silly testEngine      'express-messages': '0.0.2',
silly testEngine      'node-markdown': '>= 0.0.1',
silly testEngine      'connect-redis': '>= 0.0.1' },
silly testEngine   keywords: [ 'framework', 'sinatra', 'web', 'rest', 'restful' ],
silly testEngine   repository: { type: 'git', url: 'git://github.com/visionmedia/express.git' },
silly testEngine   main: 'index',
silly testEngine   bin: { express: './bin/express' },
silly testEngine   scripts: { test: 'make test', prepublish: 'npm prune' },
silly testEngine   engines: { node: '>= 0.4.1 < 0.7.0' },
silly testEngine   _id: 'express@2.5.5',
silly testEngine   _engineSupported: true,
silly testEngine   _npmVersion: '1.0.106',
silly testEngine   _nodeVersion: 'v0.6.8',
silly testEngine   _defaultsLoaded: true }
verbose caching /home/jason/node_modules/express/package.json
verbose loadDefaults express@2.5.5
silly testEngine { name: 'socket.io',
silly testEngine   version: '0.8.7',
silly testEngine   description: 'Real-time apps made cross-browser & easy with a WebSocket-like API',
silly testEngine   homepage: 'http://socket.io',
silly testEngine   keywords: [ 'websocket', 'socket', 'realtime', 'socket.io', 'comet', 'ajax' ],
silly testEngine   author: { name: 'Guillermo Rauch', email: 'guillermo@learnboost.com' },
silly testEngine   contributors: 
silly testEngine    [ { name: 'Guillermo Rauch', email: 'rauchg@gmail.com' },
silly testEngine      { name: 'Arnout Kazemier', email: 'info@3rd-eden.com' },
silly testEngine      { name: 'Vladimir Dronnikov', email: 'dronnikov@gmail.com' },
silly testEngine      { name: 'Einar Otto Stangvik', email: 'einaros@gmail.com' } ],
silly testEngine   repository: 
silly testEngine    { type: 'git',
silly testEngine      url: 'git://github.com/LearnBoost/socket.io.git' },
silly testEngine   dependencies: 
silly testEngine    { 'socket.io-client': '0.8.7',
silly testEngine      policyfile: '0.0.4',
silly testEngine      redis: '0.6.7' },
silly testEngine   devDependencies: 
silly testEngine    { expresso: '0.9.2',
silly testEngine      should: '0.0.4',
silly testEngine      assertvanish: '0.0.3-1',
silly testEngine      benchmark: '0.2.2',
silly testEngine      microtime: '0.1.3-1',
silly testEngine      colors: '0.5.1' },
silly testEngine   main: 'index',
silly testEngine   engines: { node: '>= 0.4.0' },
silly testEngine   _id: 'socket.io@0.8.7',
silly testEngine   _engineSupported: true,
silly testEngine   _npmVersion: '1.0.106',
silly testEngine   _nodeVersion: 'v0.6.8',
silly testEngine   _defaultsLoaded: true }
verbose caching /home/jason/node_modules/socket.io/package.json
verbose loadDefaults socket.io@0.8.7
silly testEngine { name: 'ntwitter',
silly testEngine   version: '0.2.9-2',
silly testEngine   description: 'Asynchronous Twitter REST/stream/search client API for node.js.',
silly testEngine   keywords: [ 'twitter', 'streaming', 'oauth' ],
silly testEngine   homepage: 'https://github.com/AvianFlu/ntwitter',
silly testEngine   author: { name: 'jdub, changes by AvianFlu' },
silly testEngine   licenses: 
silly testEngine    { type: 'MIT',
silly testEngine      url: 'http://github.com/AvianFlu/ntwitter/raw/master/LICENSE' },
silly testEngine   repository: { type: 'git', url: 'git://github.com/AvianFlu/ntwitter.git' },
silly testEngine   dependencies: { oauth: '>=0.8.4', cookies: '0.1.x', keygrip: '0.1.x' },
silly testEngine   engines: { node: '>=0.4.0 < 0.7.0' },
silly testEngine   main: './lib/twitter',
silly testEngine   _id: 'ntwitter@0.2.9-2',
silly testEngine   devDependencies: {},
silly testEngine   _engineSupported: true,
silly testEngine   _npmVersion: '1.0.106',
silly testEngine   _nodeVersion: 'v0.6.8',
silly testEngine   _defaultsLoaded: true }
verbose caching /home/jason/node_modules/ntwitter/package.json
verbose loadDefaults ntwitter@0.2.9-2
silly testEngine { name: 'twitter-node',
silly testEngine   description: 'node.js stream API for the twitter streaming HTTP API',
silly testEngine   version: '0.0.2',
silly testEngine   author: { name: 'technoweenie' },
silly testEngine   repository: 
silly testEngine    { type: 'git',
silly testEngine      url: 'git://github.com/technoweenie/twitter-node.git' },
silly testEngine   engine: [ 'node >=0.2.0' ],
silly testEngine   main: './lib/twitter-node',
silly testEngine   _id: 'twitter-node@0.0.2',
silly testEngine   dependencies: {},
silly testEngine   devDependencies: {},
silly testEngine   engines: { node: '*' },
silly testEngine   _engineSupported: true,
silly testEngine   _npmVersion: '1.0.106',
silly testEngine   _nodeVersion: 'v0.6.8',
silly testEngine   _defaultsLoaded: true }
verbose caching /home/jason/node_modules/twitter-node/package.json
verbose loadDefaults twitter-node@0.0.2
silly testEngine { name: 'jade',
silly testEngine   description: 'Jade template engine',
silly testEngine   version: '0.20.0',
silly testEngine   author: { name: 'TJ Holowaychuk', email: 'tj@vision-media.ca' },
silly testEngine   repository: { type: 'git', url: 'git://github.com/visionmedia/jade.git' },
silly testEngine   main: './index.js',
silly testEngine   bin: { jade: './bin/jade' },
silly testEngine   dependencies: { commander: '0.2.x', mkdirp: '>= 0.0.7' },
silly testEngine   devDependencies: 
silly testEngine    { mocha: '*',
silly testEngine      'coffee-script': '>= 0.0.1',
silly testEngine      markdown: '>= 0.0.1',
silly testEngine      stylus: '>= 0.0.1',
silly testEngine      uubench: '0.0.1',
silly testEngine      'uglify-js': '>= 1.0.7' },
silly testEngine   scripts: { prepublish: 'npm prune' },
silly testEngine   engines: { node: '>= 0.1.98' },
silly testEngine   _id: 'jade@0.20.0',
silly testEngine   _engineSupported: true,
silly testEngine   _npmVersion: '1.0.106',
silly testEngine   _nodeVersion: 'v0.6.8',
silly testEngine   _defaultsLoaded: true }
verbose caching /home/jason/node_modules/jade/package.json
verbose loadDefaults jade@0.20.0
verbose into /home/jason [ 'node-oauth2' ]
verbose cache add node-oauth2
verbose cache add [ 'node-oauth2', null ]
silly cache add: name, spec, args [ undefined, 'node-oauth2', [ 'node-oauth2', null ] ]
verbose parsed url { pathname: 'node-oauth2',
verbose parsed url   path: 'node-oauth2',
verbose parsed url   href: 'node-oauth2' }
info addNamed [ 'node-oauth2', '' ]
verbose addNamed [ null, '' ]
verbose GET node-oauth2
verbose raw, before any munging node-oauth2
verbose url resolving [ 'https://registry.npmjs.org/', './node-oauth2' ]
verbose url resolved https://registry.npmjs.org/node-oauth2
silly get cb [ 404,
silly get cb   { server: 'CouchDB/1.1.0 (Erlang OTP/R14B04)',
silly get cb     date: 'Wed, 25 Jan 2012 21:43:08 GMT',
silly get cb     'content-type': 'application/json',
silly get cb     'content-length': '52',
silly get cb     'cache-control': 'must-revalidate' } ]
ERR! 404 'node-oauth2' is not in the npm registry.
ERR! 404 You could maybe bug the author to publish it
ERR! 404 Maybe try 'npm search oauth2'
ERR! 404 Note that you can also install from a tarball or folder.
ERR! 
ERR! System Linux 3.0.0-14-generic-pae
ERR! command "node" "/usr/bin/npm" "install" "node-oauth2"
ERR! cwd /home/jason/Dropbox/Node/dailymile_import
ERR! node -v v0.6.8
ERR! npm -v 1.0.106
ERR! code E404
verbose exit [ 1, true ]
